Daily activity on Sun Aug 10 17:26:23 UTC 2025
Test commit from server Sun Aug 10 05:44:36 PM UTC 2025
Daily activity on Sun Aug 10 17:45:10 UTC 2025
Daily activity on Sun Aug 10 18:10:53 UTC 2025
Daily activity on Sun Aug 10 21:07:10 UTC 2025
Daily activity on Mon Aug 11 00:49:03 UTC 2025
Daily activity on Mon Aug 11 03:58:51 UTC 2025
Daily activity on Mon Aug 11 06:15:33 UTC 2025
Daily activity on Mon Aug 11 09:14:50 UTC 2025
Daily activity on Mon Aug 11 12:17:40 UTC 2025
Daily activity on Mon Aug 11 15:10:00 UTC 2025
Daily activity on Mon Aug 11 18:13:02 UTC 2025
Daily activity on Mon Aug 11 21:08:36 UTC 2025
Daily activity on Tue Aug 12 00:42:56 UTC 2025
Daily activity on Tue Aug 12 03:41:31 UTC 2025
Daily activity on Tue Aug 12 06:14:01 UTC 2025
Daily activity on Tue Aug 12 09:11:24 UTC 2025
Daily activity on Tue Aug 12 12:16:25 UTC 2025
Daily activity on Tue Aug 12 15:09:24 UTC 2025
Daily activity on Tue Aug 12 18:13:16 UTC 2025
Daily activity on Tue Aug 12 21:08:01 UTC 2025
Daily activity on Wed Aug 13 00:43:40 UTC 2025
Daily activity on Wed Aug 13 03:43:40 UTC 2025
Daily activity on Wed Aug 13 06:14:00 UTC 2025
Daily activity on Wed Aug 13 09:12:13 UTC 2025
Daily activity on Wed Aug 13 12:16:34 UTC 2025
Daily activity on Wed Aug 13 15:07:36 UTC 2025
Daily activity on Wed Aug 13 18:13:03 UTC 2025
Daily activity on Wed Aug 13 21:07:44 UTC 2025
Daily activity on Thu Aug 14 00:43:17 UTC 2025
Daily activity on Thu Aug 14 03:44:16 UTC 2025
Daily activity on Thu Aug 14 06:13:57 UTC 2025
Daily activity on Thu Aug 14 09:12:18 UTC 2025
Daily activity on Thu Aug 14 12:17:03 UTC 2025
Daily activity on Thu Aug 14 15:09:15 UTC 2025
Daily activity on Thu Aug 14 18:12:35 UTC 2025
Daily activity on Thu Aug 14 21:07:51 UTC 2025
Daily activity on Fri Aug 15 00:44:00 UTC 2025
Daily activity on Fri Aug 15 03:45:10 UTC 2025
Daily activity on Fri Aug 15 06:13:34 UTC 2025
Daily activity on Fri Aug 15 09:09:45 UTC 2025
Daily activity on Fri Aug 15 12:15:37 UTC 2025
Daily activity on Fri Aug 15 15:08:48 UTC 2025
Daily activity on Fri Aug 15 18:12:35 UTC 2025
Daily activity on Fri Aug 15 21:07:12 UTC 2025
Daily activity on Sat Aug 16 00:40:50 UTC 2025
Daily activity on Sat Aug 16 03:38:34 UTC 2025
Daily activity on Sat Aug 16 06:11:56 UTC 2025
Daily activity on Sat Aug 16 09:08:42 UTC 2025
Daily activity on Sat Aug 16 12:14:23 UTC 2025
Daily activity on Sat Aug 16 15:07:17 UTC 2025
Daily activity on Sat Aug 16 18:10:13 UTC 2025
Daily activity on Sat Aug 16 21:06:50 UTC 2025
Daily activity on Sun Aug 17 00:47:38 UTC 2025
Daily activity on Sun Aug 17 03:48:26 UTC 2025
Daily activity on Sun Aug 17 06:12:20 UTC 2025
Daily activity on Sun Aug 17 09:08:16 UTC 2025
Daily activity on Sun Aug 17 12:14:39 UTC 2025
Daily activity on Sun Aug 17 15:07:22 UTC 2025
Daily activity on Sun Aug 17 18:10:54 UTC 2025
Daily activity on Sun Aug 17 21:07:10 UTC 2025
Daily activity on Mon Aug 18 00:47:30 UTC 2025
Daily activity on Mon Aug 18 03:55:01 UTC 2025
Daily activity on Mon Aug 18 06:14:45 UTC 2025
Daily activity on Mon Aug 18 09:13:53 UTC 2025
Daily activity on Mon Aug 18 12:17:16 UTC 2025
Daily activity on Mon Aug 18 15:09:42 UTC 2025
Daily activity on Mon Aug 18 18:12:54 UTC 2025
Daily activity on Mon Aug 18 21:02:01 UTC 2025
Daily activity on Tue Aug 19 00:42:01 UTC 2025
Daily activity on Tue Aug 19 03:35:00 UTC 2025
Daily activity on Tue Aug 19 06:13:08 UTC 2025
Daily activity on Tue Aug 19 09:09:28 UTC 2025
